<?xml version="1.0" encoding="UTF-8"?>
<!-- Generated by org.testng.reporters.JUnitXMLReporter -->
<testsuite ignored="0" hostname="DESKTOP-H1LFHPP" failures="1" tests="1" name="Jain Direct Project Test" time="56.542" errors="0" timestamp="2024-09-02T22:04:43 IST">
  <testcase classname="com.jaindirect.testCases.TC001_JDLoginWithEmail" name="LogIn" time="52.076">
    <failure type="java.lang.AssertionError" message="expected [true] but found [false]">
      <![CDATA[java.lang.AssertionError: expected [true] but found [false]
at com.jaindirect.testCases.TC001_JDLoginWithEmail.LogIn(TC001_JDLoginWithEmail.java:121)
at java.base/java.util.ArrayList.forEach(ArrayList.java:1597)
... Removed 32 stack frames]]>
    </failure>
  </testcase> <!-- LogIn -->
</testsuite> <!-- Jain Direct Project Test -->
