<?xml version="1.0" encoding="UTF-8"?>
<testsuite name="TestSuite" time="52.095" tests="1" errors="0" skipped="0" failures="1">
  <properties>
[...]
</properties>
  <testcase name="LogIn" classname="com.jaindirect.testCases.TC001_JDLoginWithEmail" time="52.095">
    <failure message="expected [true] but found [false]" type="java.lang.AssertionError">java.lang.AssertionError: expected [true] but found [false]
	at org.testng.Assert.fail(Assert.java:111)
	at org.testng.Assert.failNotEquals(Assert.java:1578)
	at org.testng.Assert.assertTrue(Assert.java:57)
	at org.testng.Assert.assertTrue(Assert.java:67)
	at com.jaindirect.testCases.TC001_JDLoginWithEmail.LogIn(TC001_JDLoginWithEmail.java:121)
</failure>
    <system-out><![CDATA[ INFO [main] (TC001_JDLoginWithEmail.java:36)- Base URL is launched
 INFO [main] (TC001_JDLoginWithEmail.java:40)- User Email is provided
 INFO [main] (TC001_JDLoginWithEmail.java:47)- Sending the otp to userEmail
OTP: 4150
4150
 INFO [main] (TC001_JDLoginWithEmail.java:56)- Entering OTP
***********************
Dashboard - JainDirect
Screenshot taken
 INFO [main] (TC001_JDLoginWithEmail.java:85)- Load the Sanstha main page
 INFO [main] (TC001_JDLoginWithEmail.java:90)- sanstha page loaded sucessfully
 INFO [main] (TC001_JDLoginWithEmail.java:105)- validation started....
 INFO [main] (TC001_JDLoginWithEmail.java:119)- test case failed....
Screenshot taken
]]></system-out>
    <system-err><![CDATA[SLF4J: Failed to load class "org.slf4j.impl.StaticLoggerBinder".
SLF4J: Defaulting to no-operation (NOP) logger implementation
SLF4J: See http://www.slf4j.org/codes.html#StaticLoggerBinder for further details.
Sep 02, 2024 10:03:49 PM org.openqa.selenium.devtools.CdpVersionFinder findNearestMatch
WARNING: Unable to find an exact match for CDP version 128, returning the closest version; found: 125; Please update to a Selenium version that supports CDP version 128
]]></system-err>
  </testcase>
</testsuite>