<?xml version="1.0" encoding="UTF-8"?>
<testng-results ignored="0" total="1" passed="1" failed="0" skipped="0">
  <reporter-output>
  </reporter-output>
  <suite started-at="2024-09-26T16:36:12 IST" name="Suite" finished-at="2024-09-26T16:37:07 IST" duration-ms="55207">
    <groups>
    </groups>
    <test started-at="2024-09-26T16:36:12 IST" name="Test" finished-at="2024-09-26T16:37:07 IST" duration-ms="55207">
      <class name="com.jaindirect.testCases.TC005_JD_AddEventToSanstha">
        <test-method is-config="true" signature="setup(java.lang.String)[pri:0, instance:com.jaindirect.testCases.TC005_JD_AddEventToSanstha@38afe297]" started-at="2024-09-26T16:36:12 IST" name="setup" finished-at="2024-09-26T16:36:18 IST" duration-ms="6062" status="PASS">
          <params>
            <param index="0">
              <value>
                <![CDATA[chrome]]>
              </value>
            </param>
          </params>
          <reporter-output>
          </reporter-output>
        </test-method> <!-- setup -->
        <test-method signature="AddNewsAndDelete()[pri:0, instance:com.jaindirect.testCases.TC005_JD_AddEventToSanstha@38afe297]" started-at="2024-09-26T16:36:18 IST" name="AddNewsAndDelete" finished-at="2024-09-26T16:37:07 IST" duration-ms="48759" status="PASS">
          <reporter-output>
          </reporter-output>
        </test-method> <!-- AddNewsAndDelete -->
      </class> <!-- com.jaindirect.testCases.TC005_JD_AddEventToSanstha -->
    </test> <!-- Test -->
  </suite> <!-- Suite -->
</testng-results>
